./base_epoch=6_val_f1=57.3.ckpt
./nghuyong/ernie-3.0-base-zhbase_epoch=13_val_f1=57.1.ckpt
./nghuyong/ernie-3.0-base-zhbase_epoch=14_val_f1=56.0.ckpt
./hfl/chinese-roberta-wwm-extbase_epoch=18_val_f1=63.7.ckpt
./hfl/chinese-xlnet-basebase_epoch=2_val_f1=65.4.ckpt
./hfl/chinese-bert-wwm-extbase_epoch=4_val_f1=57.1.ckpt
./hfl/chinese-roberta-wwm-extbase_epoch=14_val_f1=63.7.ckpt
./hfl/chinese-xlnet-basebase_epoch=6_val_f1=64.3.ckpt
./hfl/chinese-bert-wwm-extbase_epoch=5_val_f1=56.2.ckpt
./base_epoch=15_val_f1=58.5.ckpt
./base_epoch=1_val_f1=59.2.ckpt
./base_epoch=2_val_f1=60.2-v1.ckpt
./severinsimmler/xlm-roberta-longformer-base-16384base_epoch=18_val_f1=67.8.ckpt
./severinsimmler/xlm-roberta-longformer-base-16384base_epoch=19_val_f1=68.2.ckpt
./base_epoch=9_val_f1=56.3.ckpt
./base_epoch=5_val_f1=59.2.ckpt
./bert-base-chinesebase_epoch=11_val_f1=60.2.ckpt
./base_epoch=1_val_f1=52.4.ckpt
./base_epoch=2_val_f1=60.2.ckpt
./base_epoch=0_val_f1=60.2.ckpt
./bert-base-chinesebase_epoch=4_val_f1=62.9.ckpt
./base_epoch=0_val_f1=66.0.ckpt
./base_epoch=10_val_f1=60.2.ckpt
./base_epoch=11_val_f1=60.2.ckpt
